<?xml version="1.0" encoding="UTF-8"?>
<robot generator="Robot 6.0.1 (Python 3.11.1 on darwin)" generated="20221229 11:36:06.123" rpa="false" schemaversion="3">
<suite id="s1" name="RobotFWTutuorial" source="/Users/emregul/PycharmProjects/RobotFWTutuorial">
<suite id="s1-s1" name="Tests" source="/Users/emregul/PycharmProjects/RobotFWTutuorial/Tests">
<suite id="s1-s1-s1" name="AutomationExercise" source="/Users/emregul/PycharmProjects/RobotFWTutuorial/Tests/AutomationExercise">
<suite id="s1-s1-s1-s1" name="TC 02 Login User" source="/Users/emregul/PycharmProjects/RobotFWTutuorial/Tests/AutomationExercise/TC_02_Login User.robot">
<test id="s1-s1-s1-s1-t1" name="Scenario: Login User with correct email and password" line="23">
<kw name="Given Launch browser and Navigate to url 'http://automationexercise.com'">
<kw name="Open Browser" library="SeleniumLibrary">
<arg>http://automationexercise.com</arg>
<arg>chrome</arg>
<doc>Opens a new browser instance to the optional ``url``.</doc>
<msg timestamp="20221229 11:36:06.268" level="INFO">Opening browser 'chrome' to base url 'http://automationexercise.com'.</msg>
<status status="PASS" starttime="20221229 11:36:06.268" endtime="20221229 11:36:21.079"/>
</kw>
<kw name="Maximize Browser Window" library="SeleniumLibrary">
<doc>Maximizes current browser window.</doc>
<status status="PASS" starttime="20221229 11:36:21.079" endtime="20221229 11:36:21.659"/>
</kw>
<status status="PASS" starttime="20221229 11:36:06.268" endtime="20221229 11:36:21.659"/>
</kw>
<kw name="Then Verify that home page is visible successfully">
<kw name="Page Should Contain Element" library="SeleniumLibrary">
<arg>css:header[id='header'] li:nth-child(1) a:nth-child(1)</arg>
<doc>Verifies that element ``locator`` is found on the current page.</doc>
<msg timestamp="20221229 11:36:21.959" level="INFO">Current page contains element 'css:header[id='header'] li:nth-child(1) a:nth-child(1)'.</msg>
<status status="PASS" starttime="20221229 11:36:21.659" endtime="20221229 11:36:21.959"/>
</kw>
<status status="PASS" starttime="20221229 11:36:21.659" endtime="20221229 11:36:21.959"/>
</kw>
<kw name="Then Click on 'Signup / Login' button">
<kw name="Click Element" library="SeleniumLibrary">
<arg>css:i.fa.fa-lock</arg>
<doc>Click the element identified by ``locator``.</doc>
<msg timestamp="20221229 11:36:21.959" level="INFO">Clicking element 'css:i.fa.fa-lock'.</msg>
<status status="PASS" starttime="20221229 11:36:21.959" endtime="20221229 11:36:29.528"/>
</kw>
<status status="PASS" starttime="20221229 11:36:21.959" endtime="20221229 11:36:29.529"/>
</kw>
<kw name="Then Verify 'Login to your account' is visible">
<kw name="Page Should Contain Element" library="SeleniumLibrary">
<arg>css:div.login-form</arg>
<doc>Verifies that element ``locator`` is found on the current page.</doc>
<msg timestamp="20221229 11:36:29.537" level="INFO">Current page contains element 'css:div.login-form'.</msg>
<status status="PASS" starttime="20221229 11:36:29.529" endtime="20221229 11:36:29.537"/>
</kw>
<status status="PASS" starttime="20221229 11:36:29.529" endtime="20221229 11:36:29.537"/>
</kw>
<kw name="Then Enter correct email address and password">
<kw name="Input Text" library="SeleniumLibrary">
<arg>xpath://input[@data-qa='login-email']</arg>
<arg>emre.tests@yandex.com</arg>
<doc>Types the given ``text`` into the text field identified by ``locator``.</doc>
<msg timestamp="20221229 11:36:29.537" level="INFO">Typing text 'emre.tests@yandex.com' into text field 'xpath://input[@data-qa='login-email']'.</msg>
<status status="PASS" starttime="20221229 11:36:29.537" endtime="20221229 11:36:29.777"/>
</kw>
<kw name="Input Password" library="SeleniumLibrary">
<arg>xpath://input[@placeholder='Password']</arg>
<arg>Emre1234567890</arg>
<doc>Types the given password into the text field identified by ``locator``.</doc>
<msg timestamp="20221229 11:36:29.778" level="INFO">Typing password into text field 'xpath://input[@placeholder='Password']'.</msg>
<msg timestamp="20221229 11:36:29.822" level="INFO">Temporally setting log level to: NONE</msg>
<msg timestamp="20221229 11:36:29.857" level="INFO">Log level changed from NONE to INFO.</msg>
<status status="PASS" starttime="20221229 11:36:29.777" endtime="20221229 11:36:29.857"/>
</kw>
<status status="PASS" starttime="20221229 11:36:29.537" endtime="20221229 11:36:29.857"/>
</kw>
<kw name="Then Click 'login' button">
<kw name="Click Element" library="SeleniumLibrary">
<arg>xpath://button[normalize-space()='Login']</arg>
<doc>Click the element identified by ``locator``.</doc>
<msg timestamp="20221229 11:36:29.858" level="INFO">Clicking element 'xpath://button[normalize-space()='Login']'.</msg>
<status status="PASS" starttime="20221229 11:36:29.858" endtime="20221229 11:36:33.011"/>
</kw>
<status status="PASS" starttime="20221229 11:36:29.857" endtime="20221229 11:36:33.011"/>
</kw>
<kw name="Then Verify that 'Logged in as username' is visible">
<kw name="Page Should Contain Element" library="SeleniumLibrary">
<arg>xpath://header[@id='header']//li[1]//a[1]</arg>
<doc>Verifies that element ``locator`` is found on the current page.</doc>
<msg timestamp="20221229 11:36:33.038" level="INFO">Current page contains element 'xpath://header[@id='header']//li[1]//a[1]'.</msg>
<status status="PASS" starttime="20221229 11:36:33.012" endtime="20221229 11:36:33.038"/>
</kw>
<status status="PASS" starttime="20221229 11:36:33.011" endtime="20221229 11:36:33.038"/>
</kw>
<kw name="And Click 'Delete Account' button">
<kw name="Click Element" library="SeleniumLibrary">
<arg>css:a[href='/delete_account']</arg>
<doc>Click the element identified by ``locator``.</doc>
<msg timestamp="20221229 11:36:33.038" level="INFO">Clicking element 'css:a[href='/delete_account']'.</msg>
<msg timestamp="20221229 11:36:33.546" level="INFO" html="true">&lt;/td&gt;&lt;/tr&gt;&lt;tr&gt;&lt;td colspan="3"&gt;&lt;a href="selenium-screenshot-2.png"&gt;&lt;img src="selenium-screenshot-2.png" width="800px"&gt;&lt;/a&gt;</msg>
<msg timestamp="20221229 11:36:33.547" level="FAIL">Element with locator 'css:a[href='/delete_account']' not found.</msg>
<status status="FAIL" starttime="20221229 11:36:33.038" endtime="20221229 11:36:33.552"/>
</kw>
<kw name="Dismiss Alert">
<status status="NOT RUN" starttime="20221229 11:36:33.553" endtime="20221229 11:36:33.553"/>
</kw>
<status status="FAIL" starttime="20221229 11:36:33.038" endtime="20221229 11:36:33.553"/>
</kw>
<kw name="Then Verify that 'ACCOUNT DELETED!' is visible">
<status status="NOT RUN" starttime="20221229 11:36:33.553" endtime="20221229 11:36:33.553"/>
</kw>
<status status="FAIL" starttime="20221229 11:36:06.268" endtime="20221229 11:36:33.553">Element with locator 'css:a[href='/delete_account']' not found.</status>
</test>
<status status="FAIL" starttime="20221229 11:36:06.136" endtime="20221229 11:36:33.554"/>
</suite>
<status status="FAIL" starttime="20221229 11:36:06.136" endtime="20221229 11:36:33.554"/>
</suite>
<status status="FAIL" starttime="20221229 11:36:06.135" endtime="20221229 11:36:33.554"/>
</suite>
<status status="FAIL" starttime="20221229 11:36:06.124" endtime="20221229 11:36:33.555"/>
</suite>
<statistics>
<total>
<stat pass="0" fail="1" skip="0">All Tests</stat>
</total>
<tag>
</tag>
<suite>
<stat pass="0" fail="1" skip="0" id="s1" name="RobotFWTutuorial">RobotFWTutuorial</stat>
<stat pass="0" fail="1" skip="0" id="s1-s1" name="Tests">RobotFWTutuorial.Tests</stat>
<stat pass="0" fail="1" skip="0" id="s1-s1-s1" name="AutomationExercise">RobotFWTutuorial.Tests.AutomationExercise</stat>
<stat pass="0" fail="1" skip="0" id="s1-s1-s1-s1" name="TC 02 Login User">RobotFWTutuorial.Tests.AutomationExercise.TC 02 Login User</stat>
</suite>
</statistics>
<errors>
<msg timestamp="20221229 11:36:06.266" level="ERROR">Error in file '/Users/emregul/PycharmProjects/RobotFWTutuorial/Tests/AutomationExercise/TC_02_Login User.robot' on line 16: Importing library 'WebDriver' failed: ModuleNotFoundError: No module named 'WebDriver'
Traceback (most recent call last):
  None
PYTHONPATH:
  /Users/emregul/PycharmProjects/RobotFWTutuorial
  /Users/emregul/PycharmProjects/RobotFWTutuorial
  /Library/Frameworks/Python.framework/Versions/3.11/lib/python311.zip
  /Library/Frameworks/Python.framework/Versions/3.11/lib/python3.11
  /Library/Frameworks/Python.framework/Versions/3.11/lib/python3.11/lib-dynload
  /Library/Frameworks/Python.framework/Versions/3.11/lib/python3.11/site-packages</msg>
<msg timestamp="20221229 11:36:06.267" level="ERROR">Error in file '/Users/emregul/PycharmProjects/RobotFWTutuorial/Tests/AutomationExercise/TC_02_Login User.robot' on line 17: Importing library 'Selenium2Library' failed: ModuleNotFoundError: No module named 'Selenium2Library'
Traceback (most recent call last):
  None
PYTHONPATH:
  /Users/emregul/PycharmProjects/RobotFWTutuorial
  /Users/emregul/PycharmProjects/RobotFWTutuorial
  /Library/Frameworks/Python.framework/Versions/3.11/lib/python311.zip
  /Library/Frameworks/Python.framework/Versions/3.11/lib/python3.11
  /Library/Frameworks/Python.framework/Versions/3.11/lib/python3.11/lib-dynload
  /Library/Frameworks/Python.framework/Versions/3.11/lib/python3.11/site-packages</msg>
</errors>
</robot>
